<?xml version="1.0" encoding="UTF-8"?>
<!-- Generated by org.testng.reporters.JUnitReportReporter -->
<testsuite skipped="0" hostname="DESKTOP-FVDUEQR" name="scripts.testng.TestNGConfig1" tests="3" failures="0" timestamp="17 Mar 2019 07:07:46 GMT" time="0.046" errors="0">
  <testcase name="test2" time="0.008" classname="scripts.testng.TestNGConfig1"/>
  <testcase name="test3" time="0.025" classname="scripts.testng.TestNGConfig1"/>
  <testcase name="test1" time="0.013" classname="scripts.testng.TestNGConfig1"/>
</testsuite> <!-- scripts.testng.TestNGConfig1 -->
