<?xml version="1.0" encoding="UTF-8"?>
<!-- Generated by org.testng.reporters.JUnitReportReporter -->
<testsuite skipped="0" hostname="DESKTOP-FVDUEQR" name="scripts.testng.TestNGConfig3" tests="3" failures="0" timestamp="17 Mar 2019 07:07:46 GMT" time="0.021" errors="0">
  <testcase name="test2" time="0.010" classname="scripts.testng.TestNGConfig3"/>
  <testcase name="test3" time="0.002" classname="scripts.testng.TestNGConfig3"/>
  <testcase name="test1" time="0.009" classname="scripts.testng.TestNGConfig3"/>
</testsuite> <!-- scripts.testng.TestNGConfig3 -->
