<?xml version="1.0" encoding="UTF-8"?>
<!-- Generated by org.testng.reporters.JUnitReportReporter -->
<testsuite skipped="0" hostname="DESKTOP-FVDUEQR" name="webelementsassignments.NavigateInNestedFrames" tests="1" failures="0" timestamp="11 Mar 2019 12:54:30 GMT" time="24.205" errors="0">
  <testcase name="nestedFrames" time="24.205" classname="webelementsassignments.NavigateInNestedFrames"/>
</testsuite> <!-- webelementsassignments.NavigateInNestedFrames -->
