<?xml version="1.0" encoding="UTF-8"?>
<!-- Generated by org.testng.reporters.JUnitReportReporter -->
<testsuite skipped="0" hostname="DESKTOP-FVDUEQR" name="webelementsassignments.GetAllLinksFromPage" tests="1" failures="0" timestamp="10 Mar 2019 12:37:50 GMT" time="95.308" errors="0">
  <testcase name="allElemennts" time="95.308" classname="webelementsassignments.GetAllLinksFromPage"/>
</testsuite> <!-- webelementsassignments.GetAllLinksFromPage -->
