<?xml version="1.0" encoding="UTF-8"?>
<!-- Generated by org.testng.reporters.JUnitReportReporter -->
<testsuite skipped="0" hostname="DESKTOP-FVDUEQR" name="webelementsassignments.SwitchToWindows" tests="1" failures="0" timestamp="11 Mar 2019 08:16:16 GMT" time="23.302" errors="0">
  <testcase name="switchWindows" time="23.302" classname="webelementsassignments.SwitchToWindows"/>
</testsuite> <!-- webelementsassignments.SwitchToWindows -->
