<?xml version="1.0" encoding="UTF-8"?>
<!-- Generated by org.testng.reporters.JUnitReportReporter -->
<testsuite skipped="0" hostname="DESKTOP-FVDUEQR" name="webelementsassignments.TestTables" tests="1" failures="0" timestamp="16 Mar 2019 04:47:51 GMT" time="23.940" errors="0">
  <testcase name="testTable" time="23.940" classname="webelementsassignments.TestTables"/>
</testsuite> <!-- webelementsassignments.TestTables -->
