<?xml version="1.0" encoding="UTF-8"?>
<!-- Generated by org.testng.reporters.JUnitReportReporter -->
<testsuite skipped="0" hostname="DESKTOP-FVDUEQR" name="scripts.AlertTest" tests="1" failures="0" timestamp="09 Mar 2019 10:13:08 GMT" time="10.054" errors="0">
  <testcase name="handleAlert" time="10.054" classname="scripts.AlertTest"/>
</testsuite> <!-- scripts.AlertTest -->
