<?xml version="1.0" encoding="UTF-8"?>
<!-- Generated by org.testng.reporters.JUnitReportReporter -->
<testsuite skipped="0" hostname="DESKTOP-FVDUEQR" name="scripts.testng.TestNGConfig4" tests="3" failures="0" timestamp="17 Mar 2019 07:07:46 GMT" time="0.014" errors="0">
  <testcase name="test1" time="0.006" classname="scripts.testng.TestNGConfig4"/>
  <testcase name="test2" time="0.005" classname="scripts.testng.TestNGConfig4"/>
  <testcase name="test3" time="0.003" classname="scripts.testng.TestNGConfig4"/>
</testsuite> <!-- scripts.testng.TestNGConfig4 -->
