<?xml version="1.0" encoding="UTF-8"?>
<!-- Generated by org.testng.reporters.JUnitReportReporter -->
<testsuite skipped="0" hostname="DESKTOP-FVDUEQR" name="webelementsassignments.HandlingAlerts2" tests="1" failures="0" timestamp="10 Mar 2019 16:48:35 GMT" time="5.605" errors="0">
  <testcase name="alert2" time="5.605" classname="webelementsassignments.HandlingAlerts2"/>
</testsuite> <!-- webelementsassignments.HandlingAlerts2 -->
