<?xml version="1.0" encoding="UTF-8"?>
<!-- Generated by org.testng.reporters.JUnitReportReporter -->
<testsuite skipped="0" hostname="DESKTOP-FVDUEQR" name="webelementsassignments.WikipediaSelenium" tests="1" failures="0" timestamp="10 Mar 2019 12:48:32 GMT" time="22.106" errors="0">
  <testcase name="wikipedia" time="22.106" classname="webelementsassignments.WikipediaSelenium"/>
</testsuite> <!-- webelementsassignments.WikipediaSelenium -->
