<?xml version="1.0" encoding="UTF-8"?>
<!-- Generated by org.testng.reporters.JUnitReportReporter -->
<testsuite skipped="0" hostname="DESKTOP-FVDUEQR" name="scripts.AllGooglepageLinks" tests="1" failures="0" timestamp="06 Apr 2019 08:29:12 GMT" time="13.211" errors="0">
  <testcase name="waitTest" time="13.211" classname="scripts.AllGooglepageLinks"/>
</testsuite> <!-- scripts.AllGooglepageLinks -->
