<?xml version="1.0" encoding="UTF-8"?>
<!-- Generated by org.testng.reporters.JUnitReportReporter -->
<testsuite skipped="0" hostname="DESKTOP-FVDUEQR" name="scripts.po.NicheLoginTest" tests="1" failures="0" timestamp="19 Mar 2019 17:43:30 GMT" time="29.269" errors="0">
  <testcase name="nicheLoginTest" time="29.269" classname="scripts.po.NicheLoginTest"/>
</testsuite> <!-- scripts.po.NicheLoginTest -->
