<?xml version="1.0" encoding="UTF-8"?>
<!-- Generated by org.testng.reporters.JUnitReportReporter -->
<testsuite skipped="0" hostname="DESKTOP-FVDUEQR" name="scripts.MyFirstTestNGTest" tests="1" failures="0" timestamp="02 Apr 2019 14:29:19 GMT" time="51.113" errors="0">
  <testcase name="seleniumExampleLogin" time="51.113" classname="scripts.MyFirstTestNGTest"/>
</testsuite> <!-- scripts.MyFirstTestNGTest -->
