<?xml version="1.0" encoding="UTF-8"?>
<!-- Generated by org.testng.reporters.JUnitReportReporter -->
<testsuite skipped="0" hostname="DESKTOP-FVDUEQR" name="webelementsassignments.SwitchBetweenMultipleFrames" tests="1" failures="0" timestamp="11 Mar 2019 10:26:01 GMT" time="36.723" errors="0">
  <testcase name="switchToFrame" time="36.723" classname="webelementsassignments.SwitchBetweenMultipleFrames"/>
</testsuite> <!-- webelementsassignments.SwitchBetweenMultipleFrames -->
