<?xml version="1.0" encoding="UTF-8"?>
<!-- Generated by org.testng.reporters.JUnitReportReporter -->
<testsuite skipped="0" hostname="DESKTOP-FVDUEQR" name="webelementsassignments.AllLinkElementsOnPage" tests="1" failures="0" timestamp="10 Mar 2019 12:27:35 GMT" time="63.247" errors="0">
  <testcase name="allElemennts" time="63.247" classname="webelementsassignments.AllLinkElementsOnPage"/>
</testsuite> <!-- webelementsassignments.AllLinkElementsOnPage -->
