<?xml version="1.0" encoding="UTF-8"?>
<!-- Generated by org.testng.reporters.JUnitReportReporter -->
<testsuite skipped="0" hostname="DESKTOP-FVDUEQR" name="webelementsassignments.WaitAssignment1" tests="1" failures="0" timestamp="11 Mar 2019 14:46:29 GMT" time="76.803" errors="0">
  <testcase name="explicitWait" time="76.803" classname="webelementsassignments.WaitAssignment1"/>
</testsuite> <!-- webelementsassignments.WaitAssignment1 -->
