<?xml version="1.0" encoding="UTF-8"?>
<!-- Generated by org.testng.reporters.JUnitReportReporter -->
<testsuite skipped="0" hostname="DESKTOP-FVDUEQR" name="webelementsassignments.HandlingAlerts1" tests="1" failures="0" timestamp="16 Mar 2019 04:29:57 GMT" time="26.474" errors="0">
  <testcase name="alert1" time="26.474" classname="webelementsassignments.HandlingAlerts1"/>
</testsuite> <!-- webelementsassignments.HandlingAlerts1 -->
