<?xml version="1.0" encoding="UTF-8"?>
<!-- Generated by org.testng.reporters.JUnitReportReporter -->
<testsuite skipped="0" hostname="DESKTOP-FVDUEQR" name="webelementsassignments.KeyPress" tests="1" failures="0" timestamp="11 Mar 2019 08:25:55 GMT" time="57.725" errors="0">
  <testcase name="keyDown" time="57.725" classname="webelementsassignments.KeyPress"/>
</testsuite> <!-- webelementsassignments.KeyPress -->
