<?xml version="1.0" encoding="UTF-8"?>
<!-- Generated by org.testng.reporters.JUnitReportReporter -->
<testsuite skipped="0" hostname="DESKTOP-FVDUEQR" name="ddtExamples.ddtJXLJarForXLS" tests="6" failures="0" timestamp="28 Mar 2019 03:02:30 GMT" time="83.830" errors="0">
  <testcase name="loginToNicheThyself" time="14.805" classname="ddtExamples.ddtJXLJarForXLS"/>
  <testcase name="loginToNiche" time="13.643" classname="ddtExamples.ddtJXLJarForXLS"/>
  <testcase name="loginToNicheThyself" time="15.821" classname="ddtExamples.ddtJXLJarForXLS"/>
  <testcase name="loginToNiche" time="9.672" classname="ddtExamples.ddtJXLJarForXLS"/>
  <testcase name="loginToNiche" time="10.683" classname="ddtExamples.ddtJXLJarForXLS"/>
  <testcase name="loginToNicheThyself" time="19.206" classname="ddtExamples.ddtJXLJarForXLS"/>
</testsuite> <!-- ddtExamples.ddtJXLJarForXLS -->
