<?xml version="1.0" encoding="UTF-8"?>
<!-- Generated by org.testng.reporters.JUnitReportReporter -->
<testsuite skipped="0" hostname="DESKTOP-FVDUEQR" name="webelementsassignments.WaitAssignment2" tests="1" failures="0" timestamp="11 Mar 2019 14:47:24 GMT" time="44.562" errors="0">
  <testcase name="explicitWait" time="44.562" classname="webelementsassignments.WaitAssignment2"/>
</testsuite> <!-- webelementsassignments.WaitAssignment2 -->
